  D2DSetup.cpp
c:\users\masonchang\documents\visual studio 2015\projects\dwritefont\dwritefont\d2dsetup.cpp(42): warning C4018: '<': signed/unsigned mismatch
c:\users\masonchang\documents\visual studio 2015\projects\dwritefont\dwritefont\d2dsetup.cpp(51): warning C4101: 'localName': unreferenced local variable
c:\users\masonchang\documents\visual studio 2015\projects\dwritefont\dwritefont\d2dsetup.cpp(68): warning C4244: 'return': conversion from 'float' to 'int', possible loss of data
c:\users\masonchang\documents\visual studio 2015\projects\dwritefont\dwritefont\d2dsetup.cpp(136): warning C4244: '=': conversion from 'int' to 'FLOAT', possible loss of data
c:\users\masonchang\documents\visual studio 2015\projects\dwritefont\dwritefont\d2dsetup.cpp(137): warning C4244: '=': conversion from 'int' to 'FLOAT', possible loss of data
c:\users\masonchang\documents\visual studio 2015\projects\dwritefont\dwritefont\d2dsetup.cpp(164): warning C4244: 'initializing': conversion from 'LONG' to 'float', possible loss of data
c:\users\masonchang\documents\visual studio 2015\projects\dwritefont\dwritefont\d2dsetup.cpp(165): warning C4244: 'initializing': conversion from 'LONG' to 'float', possible loss of data
c:\users\masonchang\documents\visual studio 2015\projects\dwritefont\dwritefont\d2dsetup.cpp(166): warning C4244: 'initializing': conversion from 'float' to 'int', possible loss of data
c:\users\masonchang\documents\visual studio 2015\projects\dwritefont\dwritefont\d2dsetup.cpp(172): warning C4244: 'argument': conversion from 'float' to 'size_t', possible loss of data
c:\users\masonchang\documents\visual studio 2015\projects\dwritefont\dwritefont\d2dsetup.cpp(173): warning C4244: 'argument': conversion from 'float' to 'size_t', possible loss of data
c:\users\masonchang\documents\visual studio 2015\projects\dwritefont\dwritefont\d2dsetup.cpp(175): warning C4244: 'initializing': conversion from 'float' to 'int', possible loss of data
c:\users\masonchang\documents\visual studio 2015\projects\dwritefont\dwritefont\d2dsetup.cpp(176): warning C4244: 'initializing': conversion from 'float' to 'int', possible loss of data
c:\users\masonchang\documents\visual studio 2015\projects\dwritefont\dwritefont\d2dsetup.cpp(186): warning C4244: 'argument': conversion from 'int' to 'float', possible loss of data
c:\users\masonchang\documents\visual studio 2015\projects\dwritefont\dwritefont\d2dsetup.cpp(187): warning C4244: 'argument': conversion from 'int' to 'float', possible loss of data
c:\users\masonchang\documents\visual studio 2015\projects\dwritefont\dwritefont\d2dsetup.cpp(188): warning C4244: 'argument': conversion from 'int' to 'float', possible loss of data
c:\users\masonchang\documents\visual studio 2015\projects\dwritefont\dwritefont\d2dsetup.cpp(207): warning C4244: 'argument': conversion from 'float' to 'UINT32', possible loss of data
c:\users\masonchang\documents\visual studio 2015\projects\dwritefont\dwritefont\d2dsetup.cpp(209): warning C4244: 'argument': conversion from 'float' to 'UINT32', possible loss of data
c:\users\masonchang\documents\visual studio 2015\projects\dwritefont\dwritefont\d2dsetup.cpp(216): warning C4244: '=': conversion from 'LONG' to 'FLOAT', possible loss of data
c:\users\masonchang\documents\visual studio 2015\projects\dwritefont\dwritefont\d2dsetup.cpp(217): warning C4244: '=': conversion from 'LONG' to 'FLOAT', possible loss of data
c:\users\masonchang\documents\visual studio 2015\projects\dwritefont\dwritefont\d2dsetup.cpp(218): warning C4244: '=': conversion from 'LONG' to 'FLOAT', possible loss of data
c:\users\masonchang\documents\visual studio 2015\projects\dwritefont\dwritefont\d2dsetup.cpp(219): warning C4244: '=': conversion from 'LONG' to 'FLOAT', possible loss of data
c:\users\masonchang\documents\visual studio 2015\projects\dwritefont\dwritefont\d2dsetup.cpp(298): warning C4101: 'defaultParams': unreferenced local variable
c:\users\masonchang\documents\visual studio 2015\projects\dwritefont\dwritefont\d2dsetup.cpp(301): warning C4101: 'customParams': unreferenced local variable
  DWriteFont.vcxproj -> C:\Users\masonchang\documents\visual studio 2015\Projects\DWriteFont\Debug\DWriteFont.exe
